{"level":"info","message":"🚀 Server running on port 3011"}
{"level":"error","message":"Not allowed by CORS","stack":"Error: Not allowed by CORS\n    at origin (file:///C:/Users/Dell/Desktop/Bikerentaldeploy/backend/index.js:82:16)\n    at C:\\Users\\Dell\\Desktop\\Bikerentaldeploy\\backend\\node_modules\\cors\\lib\\index.js:219:13\n    at optionsCallback (C:\\Users\\Dell\\Desktop\\Bikerentaldeploy\\backend\\node_modules\\cors\\lib\\index.js:199:9)\n    at corsMiddleware (C:\\Users\\Dell\\Desktop\\Bikerentaldeploy\\backend\\node_modules\\cors\\lib\\index.js:204:7)\n    at Layer.handle [as handle_request] (C:\\Users\\Dell\\Desktop\\Bikerentaldeploy\\backend\\node_modules\\express\\lib\\router\\layer.js:95:5)\n    at trim_prefix (C:\\Users\\Dell\\Desktop\\Bikerentaldeploy\\backend\\node_modules\\express\\lib\\router\\index.js:328:13)\n    at C:\\Users\\Dell\\Desktop\\Bikerentaldeploy\\backend\\node_modules\\express\\lib\\router\\index.js:286:9\n    at Function.process_params (C:\\Users\\Dell\\Desktop\\Bikerentaldeploy\\backend\\node_modules\\express\\lib\\router\\index.js:346:12)\n    at next (C:\\Users\\Dell\\Desktop\\Bikerentaldeploy\\backend\\node_modules\\express\\lib\\router\\index.js:280:10)\n    at file:///C:/Users/Dell/Desktop/Bikerentaldeploy/backend/node_modules/express-rate-limit/dist/index.mjs:918:7"}
{"level":"error","message":"Not allowed by CORS","stack":"Error: Not allowed by CORS\n    at origin (file:///C:/Users/Dell/Desktop/Bikerentaldeploy/backend/index.js:82:16)\n    at C:\\Users\\Dell\\Desktop\\Bikerentaldeploy\\backend\\node_modules\\cors\\lib\\index.js:219:13\n    at optionsCallback (C:\\Users\\Dell\\Desktop\\Bikerentaldeploy\\backend\\node_modules\\cors\\lib\\index.js:199:9)\n    at corsMiddleware (C:\\Users\\Dell\\Desktop\\Bikerentaldeploy\\backend\\node_modules\\cors\\lib\\index.js:204:7)\n    at Layer.handle [as handle_request] (C:\\Users\\Dell\\Desktop\\Bikerentaldeploy\\backend\\node_modules\\express\\lib\\router\\layer.js:95:5)\n    at trim_prefix (C:\\Users\\Dell\\Desktop\\Bikerentaldeploy\\backend\\node_modules\\express\\lib\\router\\index.js:328:13)\n    at C:\\Users\\Dell\\Desktop\\Bikerentaldeploy\\backend\\node_modules\\express\\lib\\router\\index.js:286:9\n    at Function.process_params (C:\\Users\\Dell\\Desktop\\Bikerentaldeploy\\backend\\node_modules\\express\\lib\\router\\index.js:346:12)\n    at next (C:\\Users\\Dell\\Desktop\\Bikerentaldeploy\\backend\\node_modules\\express\\lib\\router\\index.js:280:10)\n    at file:///C:/Users/Dell/Desktop/Bikerentaldeploy/backend/node_modules/express-rate-limit/dist/index.mjs:918:7"}
{"level":"error","message":"Not allowed by CORS","stack":"Error: Not allowed by CORS\n    at origin (file:///C:/Users/Dell/Desktop/Bikerentaldeploy/backend/index.js:82:16)\n    at C:\\Users\\Dell\\Desktop\\Bikerentaldeploy\\backend\\node_modules\\cors\\lib\\index.js:219:13\n    at optionsCallback (C:\\Users\\Dell\\Desktop\\Bikerentaldeploy\\backend\\node_modules\\cors\\lib\\index.js:199:9)\n    at corsMiddleware (C:\\Users\\Dell\\Desktop\\Bikerentaldeploy\\backend\\node_modules\\cors\\lib\\index.js:204:7)\n    at Layer.handle [as handle_request] (C:\\Users\\Dell\\Desktop\\Bikerentaldeploy\\backend\\node_modules\\express\\lib\\router\\layer.js:95:5)\n    at trim_prefix (C:\\Users\\Dell\\Desktop\\Bikerentaldeploy\\backend\\node_modules\\express\\lib\\router\\index.js:328:13)\n    at C:\\Users\\Dell\\Desktop\\Bikerentaldeploy\\backend\\node_modules\\express\\lib\\router\\index.js:286:9\n    at Function.process_params (C:\\Users\\Dell\\Desktop\\Bikerentaldeploy\\backend\\node_modules\\express\\lib\\router\\index.js:346:12)\n    at next (C:\\Users\\Dell\\Desktop\\Bikerentaldeploy\\backend\\node_modules\\express\\lib\\router\\index.js:280:10)\n    at file:///C:/Users/Dell/Desktop/Bikerentaldeploy/backend/node_modules/express-rate-limit/dist/index.mjs:918:7"}
{"level":"error","message":"Not allowed by CORS","stack":"Error: Not allowed by CORS\n    at origin (file:///C:/Users/Dell/Desktop/Bikerentaldeploy/backend/index.js:82:16)\n    at C:\\Users\\Dell\\Desktop\\Bikerentaldeploy\\backend\\node_modules\\cors\\lib\\index.js:219:13\n    at optionsCallback (C:\\Users\\Dell\\Desktop\\Bikerentaldeploy\\backend\\node_modules\\cors\\lib\\index.js:199:9)\n    at corsMiddleware (C:\\Users\\Dell\\Desktop\\Bikerentaldeploy\\backend\\node_modules\\cors\\lib\\index.js:204:7)\n    at Layer.handle [as handle_request] (C:\\Users\\Dell\\Desktop\\Bikerentaldeploy\\backend\\node_modules\\express\\lib\\router\\layer.js:95:5)\n    at trim_prefix (C:\\Users\\Dell\\Desktop\\Bikerentaldeploy\\backend\\node_modules\\express\\lib\\router\\index.js:328:13)\n    at C:\\Users\\Dell\\Desktop\\Bikerentaldeploy\\backend\\node_modules\\express\\lib\\router\\index.js:286:9\n    at Function.process_params (C:\\Users\\Dell\\Desktop\\Bikerentaldeploy\\backend\\node_modules\\express\\lib\\router\\index.js:346:12)\n    at next (C:\\Users\\Dell\\Desktop\\Bikerentaldeploy\\backend\\node_modules\\express\\lib\\router\\index.js:280:10)\n    at file:///C:/Users/Dell/Desktop/Bikerentaldeploy/backend/node_modules/express-rate-limit/dist/index.mjs:918:7"}
{"level":"error","message":"Not allowed by CORS","stack":"Error: Not allowed by CORS\n    at origin (file:///C:/Users/Dell/Desktop/Bikerentaldeploy/backend/index.js:82:16)\n    at C:\\Users\\Dell\\Desktop\\Bikerentaldeploy\\backend\\node_modules\\cors\\lib\\index.js:219:13\n    at optionsCallback (C:\\Users\\Dell\\Desktop\\Bikerentaldeploy\\backend\\node_modules\\cors\\lib\\index.js:199:9)\n    at corsMiddleware (C:\\Users\\Dell\\Desktop\\Bikerentaldeploy\\backend\\node_modules\\cors\\lib\\index.js:204:7)\n    at Layer.handle [as handle_request] (C:\\Users\\Dell\\Desktop\\Bikerentaldeploy\\backend\\node_modules\\express\\lib\\router\\layer.js:95:5)\n    at trim_prefix (C:\\Users\\Dell\\Desktop\\Bikerentaldeploy\\backend\\node_modules\\express\\lib\\router\\index.js:328:13)\n    at C:\\Users\\Dell\\Desktop\\Bikerentaldeploy\\backend\\node_modules\\express\\lib\\router\\index.js:286:9\n    at Function.process_params (C:\\Users\\Dell\\Desktop\\Bikerentaldeploy\\backend\\node_modules\\express\\lib\\router\\index.js:346:12)\n    at next (C:\\Users\\Dell\\Desktop\\Bikerentaldeploy\\backend\\node_modules\\express\\lib\\router\\index.js:280:10)\n    at file:///C:/Users/Dell/Desktop/Bikerentaldeploy/backend/node_modules/express-rate-limit/dist/index.mjs:918:7"}
{"level":"error","message":"Not allowed by CORS","stack":"Error: Not allowed by CORS\n    at origin (file:///C:/Users/Dell/Desktop/Bikerentaldeploy/backend/index.js:82:16)\n    at C:\\Users\\Dell\\Desktop\\Bikerentaldeploy\\backend\\node_modules\\cors\\lib\\index.js:219:13\n    at optionsCallback (C:\\Users\\Dell\\Desktop\\Bikerentaldeploy\\backend\\node_modules\\cors\\lib\\index.js:199:9)\n    at corsMiddleware (C:\\Users\\Dell\\Desktop\\Bikerentaldeploy\\backend\\node_modules\\cors\\lib\\index.js:204:7)\n    at Layer.handle [as handle_request] (C:\\Users\\Dell\\Desktop\\Bikerentaldeploy\\backend\\node_modules\\express\\lib\\router\\layer.js:95:5)\n    at trim_prefix (C:\\Users\\Dell\\Desktop\\Bikerentaldeploy\\backend\\node_modules\\express\\lib\\router\\index.js:328:13)\n    at C:\\Users\\Dell\\Desktop\\Bikerentaldeploy\\backend\\node_modules\\express\\lib\\router\\index.js:286:9\n    at Function.process_params (C:\\Users\\Dell\\Desktop\\Bikerentaldeploy\\backend\\node_modules\\express\\lib\\router\\index.js:346:12)\n    at next (C:\\Users\\Dell\\Desktop\\Bikerentaldeploy\\backend\\node_modules\\express\\lib\\router\\index.js:280:10)\n    at file:///C:/Users/Dell/Desktop/Bikerentaldeploy/backend/node_modules/express-rate-limit/dist/index.mjs:918:7"}
{"level":"error","message":"Not allowed by CORS","stack":"Error: Not allowed by CORS\n    at origin (file:///C:/Users/Dell/Desktop/Bikerentaldeploy/backend/index.js:82:16)\n    at C:\\Users\\Dell\\Desktop\\Bikerentaldeploy\\backend\\node_modules\\cors\\lib\\index.js:219:13\n    at optionsCallback (C:\\Users\\Dell\\Desktop\\Bikerentaldeploy\\backend\\node_modules\\cors\\lib\\index.js:199:9)\n    at corsMiddleware (C:\\Users\\Dell\\Desktop\\Bikerentaldeploy\\backend\\node_modules\\cors\\lib\\index.js:204:7)\n    at Layer.handle [as handle_request] (C:\\Users\\Dell\\Desktop\\Bikerentaldeploy\\backend\\node_modules\\express\\lib\\router\\layer.js:95:5)\n    at trim_prefix (C:\\Users\\Dell\\Desktop\\Bikerentaldeploy\\backend\\node_modules\\express\\lib\\router\\index.js:328:13)\n    at C:\\Users\\Dell\\Desktop\\Bikerentaldeploy\\backend\\node_modules\\express\\lib\\router\\index.js:286:9\n    at Function.process_params (C:\\Users\\Dell\\Desktop\\Bikerentaldeploy\\backend\\node_modules\\express\\lib\\router\\index.js:346:12)\n    at next (C:\\Users\\Dell\\Desktop\\Bikerentaldeploy\\backend\\node_modules\\express\\lib\\router\\index.js:280:10)\n    at file:///C:/Users/Dell/Desktop/Bikerentaldeploy/backend/node_modules/express-rate-limit/dist/index.mjs:918:7"}
{"level":"error","message":"Not allowed by CORS","stack":"Error: Not allowed by CORS\n    at origin (file:///C:/Users/Dell/Desktop/Bikerentaldeploy/backend/index.js:82:16)\n    at C:\\Users\\Dell\\Desktop\\Bikerentaldeploy\\backend\\node_modules\\cors\\lib\\index.js:219:13\n    at optionsCallback (C:\\Users\\Dell\\Desktop\\Bikerentaldeploy\\backend\\node_modules\\cors\\lib\\index.js:199:9)\n    at corsMiddleware (C:\\Users\\Dell\\Desktop\\Bikerentaldeploy\\backend\\node_modules\\cors\\lib\\index.js:204:7)\n    at Layer.handle [as handle_request] (C:\\Users\\Dell\\Desktop\\Bikerentaldeploy\\backend\\node_modules\\express\\lib\\router\\layer.js:95:5)\n    at trim_prefix (C:\\Users\\Dell\\Desktop\\Bikerentaldeploy\\backend\\node_modules\\express\\lib\\router\\index.js:328:13)\n    at C:\\Users\\Dell\\Desktop\\Bikerentaldeploy\\backend\\node_modules\\express\\lib\\router\\index.js:286:9\n    at Function.process_params (C:\\Users\\Dell\\Desktop\\Bikerentaldeploy\\backend\\node_modules\\express\\lib\\router\\index.js:346:12)\n    at next (C:\\Users\\Dell\\Desktop\\Bikerentaldeploy\\backend\\node_modules\\express\\lib\\router\\index.js:280:10)\n    at file:///C:/Users/Dell/Desktop/Bikerentaldeploy/backend/node_modules/express-rate-limit/dist/index.mjs:918:7"}
{"level":"info","message":"🚀 Server running on port 3011"}
{"level":"error","message":"Not allowed by CORS","stack":"Error: Not allowed by CORS\n    at origin (file:///C:/Users/Dell/Desktop/Bikerentaldeploy/backend/index.js:82:16)\n    at C:\\Users\\Dell\\Desktop\\Bikerentaldeploy\\backend\\node_modules\\cors\\lib\\index.js:219:13\n    at optionsCallback (C:\\Users\\Dell\\Desktop\\Bikerentaldeploy\\backend\\node_modules\\cors\\lib\\index.js:199:9)\n    at corsMiddleware (C:\\Users\\Dell\\Desktop\\Bikerentaldeploy\\backend\\node_modules\\cors\\lib\\index.js:204:7)\n    at Layer.handle [as handle_request] (C:\\Users\\Dell\\Desktop\\Bikerentaldeploy\\backend\\node_modules\\express\\lib\\router\\layer.js:95:5)\n    at trim_prefix (C:\\Users\\Dell\\Desktop\\Bikerentaldeploy\\backend\\node_modules\\express\\lib\\router\\index.js:328:13)\n    at C:\\Users\\Dell\\Desktop\\Bikerentaldeploy\\backend\\node_modules\\express\\lib\\router\\index.js:286:9\n    at Function.process_params (C:\\Users\\Dell\\Desktop\\Bikerentaldeploy\\backend\\node_modules\\express\\lib\\router\\index.js:346:12)\n    at next (C:\\Users\\Dell\\Desktop\\Bikerentaldeploy\\backend\\node_modules\\express\\lib\\router\\index.js:280:10)\n    at file:///C:/Users/Dell/Desktop/Bikerentaldeploy/backend/node_modules/express-rate-limit/dist/index.mjs:918:7"}
{"level":"error","message":"Not allowed by CORS","stack":"Error: Not allowed by CORS\n    at origin (file:///C:/Users/Dell/Desktop/Bikerentaldeploy/backend/index.js:82:16)\n    at C:\\Users\\Dell\\Desktop\\Bikerentaldeploy\\backend\\node_modules\\cors\\lib\\index.js:219:13\n    at optionsCallback (C:\\Users\\Dell\\Desktop\\Bikerentaldeploy\\backend\\node_modules\\cors\\lib\\index.js:199:9)\n    at corsMiddleware (C:\\Users\\Dell\\Desktop\\Bikerentaldeploy\\backend\\node_modules\\cors\\lib\\index.js:204:7)\n    at Layer.handle [as handle_request] (C:\\Users\\Dell\\Desktop\\Bikerentaldeploy\\backend\\node_modules\\express\\lib\\router\\layer.js:95:5)\n    at trim_prefix (C:\\Users\\Dell\\Desktop\\Bikerentaldeploy\\backend\\node_modules\\express\\lib\\router\\index.js:328:13)\n    at C:\\Users\\Dell\\Desktop\\Bikerentaldeploy\\backend\\node_modules\\express\\lib\\router\\index.js:286:9\n    at Function.process_params (C:\\Users\\Dell\\Desktop\\Bikerentaldeploy\\backend\\node_modules\\express\\lib\\router\\index.js:346:12)\n    at next (C:\\Users\\Dell\\Desktop\\Bikerentaldeploy\\backend\\node_modules\\express\\lib\\router\\index.js:280:10)\n    at file:///C:/Users/Dell/Desktop/Bikerentaldeploy/backend/node_modules/express-rate-limit/dist/index.mjs:918:7"}
{"level":"error","message":"Not allowed by CORS","stack":"Error: Not allowed by CORS\n    at origin (file:///C:/Users/Dell/Desktop/Bikerentaldeploy/backend/index.js:82:16)\n    at C:\\Users\\Dell\\Desktop\\Bikerentaldeploy\\backend\\node_modules\\cors\\lib\\index.js:219:13\n    at optionsCallback (C:\\Users\\Dell\\Desktop\\Bikerentaldeploy\\backend\\node_modules\\cors\\lib\\index.js:199:9)\n    at corsMiddleware (C:\\Users\\Dell\\Desktop\\Bikerentaldeploy\\backend\\node_modules\\cors\\lib\\index.js:204:7)\n    at Layer.handle [as handle_request] (C:\\Users\\Dell\\Desktop\\Bikerentaldeploy\\backend\\node_modules\\express\\lib\\router\\layer.js:95:5)\n    at trim_prefix (C:\\Users\\Dell\\Desktop\\Bikerentaldeploy\\backend\\node_modules\\express\\lib\\router\\index.js:328:13)\n    at C:\\Users\\Dell\\Desktop\\Bikerentaldeploy\\backend\\node_modules\\express\\lib\\router\\index.js:286:9\n    at Function.process_params (C:\\Users\\Dell\\Desktop\\Bikerentaldeploy\\backend\\node_modules\\express\\lib\\router\\index.js:346:12)\n    at next (C:\\Users\\Dell\\Desktop\\Bikerentaldeploy\\backend\\node_modules\\express\\lib\\router\\index.js:280:10)\n    at file:///C:/Users/Dell/Desktop/Bikerentaldeploy/backend/node_modules/express-rate-limit/dist/index.mjs:918:7"}
{"level":"info","message":"🚀 Server running on port 3011"}
{"level":"info","message":"🚀 Server running on port 3011 in development mode","timestamp":"2026-03-30T08:50:38.431Z"}
{"level":"info","message":"🚀 Server running on port 3011 in development mode","timestamp":"2026-03-30T09:23:09.512Z"}
{"level":"info","message":"🚀 Server running on port 3020 in development mode","timestamp":"2026-03-30T09:27:37.788Z"}
{"level":"info","message":"🚀 Server running on port 3020 in development mode","timestamp":"2026-03-30T09:36:16.017Z"}
{"level":"info","message":"🚀 Server running on port 3020 in development mode","timestamp":"2026-03-30T09:43:27.552Z"}
{"level":"info","message":"🚀 Server running on port 3020 in development mode","timestamp":"2026-03-30T09:46:53.132Z"}
{"level":"info","message":"🚀 Server running on port 5000 in development mode","timestamp":"2026-03-30T09:49:02.378Z"}
{"level":"info","message":"🚀 Server running on port 5000 in development mode","timestamp":"2026-03-30T09:50:04.949Z"}
{"level":"info","message":"🚀 Server running on port 5000 in development mode","timestamp":"2026-03-30T09:50:55.282Z"}
{"level":"info","message":"🚀 Server running on port 5000 in development mode","timestamp":"2026-03-30T09:53:07.328Z"}
{"level":"info","message":"🚀 Server running on port 3000 in development mode","timestamp":"2026-03-30T09:54:47.328Z"}
{"level":"info","message":"🚀 Server running on port 3015 in development mode","timestamp":"2026-03-30T09:55:56.895Z"}
{"level":"info","message":"🚀 Server running on port 3000 in development mode","timestamp":"2026-03-30T09:56:25.276Z"}
{"level":"info","message":"🚀 Server running on port 3000 in development mode","timestamp":"2026-03-30T09:56:33.720Z"}
{"level":"info","message":"🚀 Server running on port 3000 in development mode","timestamp":"2026-03-30T10:02:32.082Z"}
{"level":"info","message":"🚀 Server running on port 3000 in development mode","timestamp":"2026-03-30T10:03:32.988Z"}
{"level":"info","message":"🚀 Server running on port 3000 in development mode","timestamp":"2026-03-30T10:04:08.640Z"}
{"level":"info","message":"🚀 Server running on port 3000 in development mode","timestamp":"2026-03-30T10:08:49.495Z"}
{"level":"info","message":"🚀 Server running on port 3000 in development mode","timestamp":"2026-03-30T10:09:07.151Z"}
{"level":"info","message":"🚀 Server running on port 3000 in development mode","timestamp":"2026-03-30T10:09:45.949Z"}
{"level":"info","message":"🚀 Server running on port 3000 in development mode","timestamp":"2026-03-30T10:10:13.758Z"}
{"level":"error","message":"TypeError: Cannot read properties of undefined (reading 'userId')","method":"GET","path":"/api/rentals","stack":"TypeError: Cannot read properties of undefined (reading 'userId')\n    at file:///C:/Users/Dell/Desktop/Bikerentaldeploy/backend/routes/rentals.js:14:45\n    at file:///C:/Users/Dell/Desktop/Bikerentaldeploy/backend/utils/catchAsync.js:8:5\n    at Layer.handle [as handle_request] (C:\\Users\\Dell\\Desktop\\Bikerentaldeploy\\backend\\node_modules\\express\\lib\\router\\layer.js:95:5)\n    at next (C:\\Users\\Dell\\Desktop\\Bikerentaldeploy\\backend\\node_modules\\express\\lib\\router\\route.js:149:13)\n    at Route.dispatch (C:\\Users\\Dell\\Desktop\\Bikerentaldeploy\\backend\\node_modules\\express\\lib\\router\\route.js:119:3)\n    at Layer.handle [as handle_request] (C:\\Users\\Dell\\Desktop\\Bikerentaldeploy\\backend\\node_modules\\express\\lib\\router\\layer.js:95:5)\n    at C:\\Users\\Dell\\Desktop\\Bikerentaldeploy\\backend\\node_modules\\express\\lib\\router\\index.js:284:15\n    at Function.process_params (C:\\Users\\Dell\\Desktop\\Bikerentaldeploy\\backend\\node_modules\\express\\lib\\router\\index.js:346:12)\n    at next (C:\\Users\\Dell\\Desktop\\Bikerentaldeploy\\backend\\node_modules\\express\\lib\\router\\index.js:280:10)\n    at Function.handle (C:\\Users\\Dell\\Desktop\\Bikerentaldeploy\\backend\\node_modules\\express\\lib\\router\\index.js:175:3)","timestamp":"2026-03-30T10:10:34.596Z"}
{"level":"info","message":"🚀 Server running on port 3000 in development mode","timestamp":"2026-03-30T10:11:35.900Z"}
{"level":"info","message":"🚀 Server running on port 3000 in development mode","timestamp":"2026-03-30T10:11:44.633Z"}
{"level":"info","message":"🚀 Server running on port 3000 in development mode","timestamp":"2026-03-30T10:12:55.057Z"}
{"level":"info","message":"🚀 Server running on port 3000 in development mode","timestamp":"2026-03-30T10:15:50.228Z"}
{"level":"info","message":"🚀 Server running on port 3000 in development mode","timestamp":"2026-03-30T10:22:36.093Z"}
{"level":"info","message":"🚀 Server running on port 3000 in development mode","timestamp":"2026-03-30T10:22:44.981Z"}
{"level":"info","message":"🚀 Server running on port 3000 in development mode","timestamp":"2026-03-30T10:23:12.888Z"}
{"level":"info","message":"🚀 Server running on port 3000 in development mode","timestamp":"2026-03-30T10:23:51.455Z"}
{"level":"info","message":"🚀 Server running on port 3000 in development mode","timestamp":"2026-03-30T10:33:26.480Z"}
{"level":"info","message":"🚀 Server running on port 3000 in development mode","timestamp":"2026-03-30T10:34:45.451Z"}
{"level":"info","message":"🚀 Server running on port 3000 in development mode","timestamp":"2026-03-30T10:34:47.589Z"}
{"level":"info","message":"🚀 Server running on port 5000 in development mode","timestamp":"2026-03-30T10:38:21.073Z"}
{"level":"info","message":"🚀 Server running on port 7000 in development mode","timestamp":"2026-03-30T10:40:32.475Z"}
{"level":"info","message":"🚀 Server running on port 7000 in development mode","timestamp":"2026-03-30T10:41:52.305Z"}
{"level":"info","message":"🚀 Server running on port 7000 in development mode","timestamp":"2026-03-31T05:13:27.813Z"}
{"level":"info","message":"🚀 Server running on port 7000 in production mode","timestamp":"2026-03-31T06:01:24.934Z"}
{"level":"info","message":"🚀 Server running on port 7000 in production mode","timestamp":"2026-03-31T10:25:27.172Z"}
{"level":"info","message":"🚀 Server running on port 7000 in production mode","timestamp":"2026-03-31T10:38:47.695Z"}
{"level":"info","message":"🚀 Server running on port 7000","timestamp":"2026-03-31T10:40:05.183Z"}
{"level":"info","message":"🚀 Server running on port 7000","timestamp":"2026-03-31T10:45:05.656Z"}
{"level":"info","message":"🚀 Server running on port 7000","timestamp":"2026-03-31T10:45:38.470Z"}
{"level":"info","message":"🚀 Server running on port 7000","timestamp":"2026-04-01T05:30:04.329Z"}
{"level":"info","message":"🚀 Server running on port 9000","timestamp":"2026-04-01T05:31:43.320Z"}
{"level":"info","message":"🚀 Server running on port 9000","timestamp":"2026-04-01T05:32:10.031Z"}
{"level":"info","message":"🚀 Server running on port 9000","timestamp":"2026-04-01T05:50:19.417Z"}
{"level":"info","message":"🚀 Server running on port 9000","timestamp":"2026-04-01T06:47:49.559Z"}
{"level":"info","message":"🚀 Server running on port 9000","timestamp":"2026-04-01T07:00:28.656Z"}
{"level":"error","message":"CastError: Cast to ObjectId failed for value \"null\" (type string) at path \"_id\" for model \"Bike\"","method":"GET","path":"/api/bikes/null?_t=1775027018429","stack":null,"timestamp":"2026-04-01T07:03:38.434Z"}
{"level":"error","message":"CastError: Cast to ObjectId failed for value \"null\" (type string) at path \"_id\" for model \"Bike\"","method":"GET","path":"/api/bikes/null?_t=1775027055276","stack":null,"timestamp":"2026-04-01T07:04:15.281Z"}
{"level":"error","message":"CastError: Cast to ObjectId failed for value \"null\" (type string) at path \"_id\" for model \"Bike\"","method":"GET","path":"/api/bikes/null?_t=1775027239812","stack":null,"timestamp":"2026-04-01T07:07:19.820Z"}
{"level":"info","message":"🚀 Server running on port 9000","timestamp":"2026-04-01T07:09:52.890Z"}
{"level":"info","message":"🚀 Server running on port 9000","timestamp":"2026-04-01T08:32:02.840Z"}
{"level":"error","message":"CastError: Cast to ObjectId failed for value \"null\" (type string) at path \"_id\" for model \"Bike\"","method":"GET","path":"/api/bikes/null?_t=1775032355306","stack":null,"timestamp":"2026-04-01T08:32:35.317Z"}
{"level":"error","message":"CastError: Cast to ObjectId failed for value \"null\" (type string) at path \"_id\" for model \"Bike\"","method":"GET","path":"/api/bikes/null?_t=1775032361007","stack":null,"timestamp":"2026-04-01T08:32:41.017Z"}
{"level":"info","message":"🚀 Server running on port 9000","timestamp":"2026-04-01T08:40:08.717Z"}
{"level":"info","message":"🚀 Server running on port 9000","timestamp":"2026-04-01T08:41:00.892Z"}
{"level":"error","message":"CastError: Cast to ObjectId failed for value \"null\" (type string) at path \"_id\" for model \"Bike\"","method":"GET","path":"/api/bikes/null?_t=1775033148929","stack":null,"timestamp":"2026-04-01T08:45:48.952Z"}
{"level":"info","message":"🚀 Server running on port 9000","timestamp":"2026-04-04T08:45:31.556Z"}
{"level":"info","message":"🚀 Server running on port 9000","timestamp":"2026-04-06T05:03:51.397Z"}
{"level":"info","message":"🚀 Server running on port 9000","timestamp":"2026-04-06T05:39:07.525Z"}
{"level":"info","message":"🚀 Server running on port 9000","timestamp":"2026-04-06T05:40:33.998Z"}
{"level":"info","message":"🚀 Server running on port 9000","timestamp":"2026-04-06T05:50:32.509Z"}
{"level":"info","message":"🚀 Server running on port 9000","timestamp":"2026-04-06T05:50:47.617Z"}
{"level":"info","message":"🚀 Server running on port 9000","timestamp":"2026-04-06T05:51:09.370Z"}
{"level":"info","message":"🚀 Server running on port 9000","timestamp":"2026-04-06T05:54:54.639Z"}
{"level":"info","message":"🚀 Server running on port 9000","timestamp":"2026-04-06T06:00:32.134Z"}
{"level":"info","message":"🚀 Server running on port 9000","timestamp":"2026-04-06T06:01:41.342Z"}
{"level":"info","message":"🚀 Server running on port 9000","timestamp":"2026-04-06T06:31:17.853Z"}
{"level":"info","message":"🚀 Server running on port 9000","timestamp":"2026-04-06T06:45:18.239Z"}
{"level":"error","message":"❌ Port 9000 is already in use","timestamp":"2026-04-06T06:45:18.847Z"}
{"level":"error","message":"❌ Port 9000 is already in use","timestamp":"2026-04-06T06:45:19.136Z"}
{"level":"info","message":"🚀 Server running on port 9000","timestamp":"2026-04-06T06:46:18.171Z"}
{"level":"error","message":"❌ Port 9000 is already in use","timestamp":"2026-04-06T06:54:06.863Z"}
{"level":"info","message":"🚀 Server running on port 9000","timestamp":"2026-04-06T06:54:40.196Z"}
{"level":"error","message":"❌ Port 9000 is already in use","timestamp":"2026-04-06T06:54:40.964Z"}
{"level":"error","message":"❌ Port 9000 is already in use","timestamp":"2026-04-06T06:54:41.351Z"}
{"level":"info","message":"🚀 Server running on port 9000","timestamp":"2026-04-06T06:54:49.701Z"}
{"level":"error","message":"❌ Port 9000 is already in use","timestamp":"2026-04-06T06:54:50.548Z"}
{"level":"error","message":"❌ Port 9000 is already in use","timestamp":"2026-04-06T06:54:50.829Z"}
{"level":"info","message":"🚀 Server running on port 9000","timestamp":"2026-04-06T06:55:09.569Z"}
{"level":"error","message":"❌ Port 9000 is already in use","timestamp":"2026-04-06T06:55:10.382Z"}
{"level":"error","message":"❌ Port 9000 is already in use","timestamp":"2026-04-06T06:55:10.469Z"}
{"level":"info","message":"🚀 Server running on port 9000","timestamp":"2026-04-06T06:55:36.692Z"}
{"level":"error","message":"❌ Port 9000 is already in use","timestamp":"2026-04-06T06:55:37.515Z"}
{"level":"error","message":"❌ Port 9000 is already in use","timestamp":"2026-04-06T06:55:37.653Z"}
{"level":"info","message":"🚀 Server running on port 9000","timestamp":"2026-04-06T06:55:49.323Z"}
{"level":"error","message":"❌ Port 9000 is already in use","timestamp":"2026-04-06T06:55:50.201Z"}
{"level":"error","message":"❌ Port 9000 is already in use","timestamp":"2026-04-06T06:55:50.498Z"}
{"level":"error","message":"❌ Port 9000 is already in use","timestamp":"2026-04-06T07:04:55.733Z"}
{"level":"error","message":"❌ Port 9000 is already in use","timestamp":"2026-04-06T07:12:37.289Z"}
{"level":"info","message":"🚀 Server running on port 9000","timestamp":"2026-04-06T07:14:09.148Z"}
{"level":"info","message":"🚀 Server running on port 9000","timestamp":"2026-04-06T07:15:38.109Z"}
{"level":"error","message":"❌ Port 9000 is already in use","timestamp":"2026-04-06T07:24:22.797Z"}
{"level":"info","message":"🚀 Server running on port 9000","timestamp":"2026-04-06T07:27:44.889Z"}
{"level":"info","message":"🚀 Server running on port 9000","timestamp":"2026-04-06T07:28:49.230Z"}
